2025-02-26 23:12:38,091 - training - INFO - Starting training with arguments: Namespace(data_csv='validated_file_paths.csv', cache_dir='processed_cache', latent_dim=128, striatal_weight=5.0, batch_size=8, epochs=100, learning_rate=0.0001, weight_decay=1e-05, train_ratio=0.8, num_workers=4, gradient_clip=1.0, gradient_accumulation=4, patience=15, scheduler_metric='striatal', output_dir='./trained_models/autoencoder', resume=False, cpu=False)
2025-02-26 23:12:38,133 - training - INFO - Using device: cuda
2025-02-26 23:12:38,134 - training - INFO - Configuration saved to ./trained_models/autoencoder\config.json
2025-02-26 23:12:38,153 - training - INFO - Loaded data CSV with 2986 entries
2025-02-26 23:12:38,159 - training - INFO - Created dataloaders with batch size 8
2025-02-26 23:12:38,512 - training - INFO - Created autoencoder with latent dimension 128
2025-02-26 23:12:38,521 - training - INFO - Created loss functions with striatal weight 5.0
2025-02-26 23:12:39,893 - training - INFO - Created optimizer with learning rate 0.0001
2025-02-26 23:12:39,894 - training - INFO - Created learning rate scheduler
2025-02-26 23:12:39,894 - training - INFO - Starting training for 100 epochs
2025-02-26 23:12:58,287 - training - ERROR - Error during training: Expected all tensors to be on the same device, but found at least two devices, cuda:0 and cpu!
Traceback (most recent call last):
  File "C:\Users\alexc\GitHubRepos\ParkinsonThesis\train.py", line 168, in train
    loss = criterion(reconstructions, volumes)
           ^^^^^^^^^^^^^^^^^^^^^^^^^^^^^^^^^^^
  File "C:\Users\alexc\GitHubRepos\ParkinsonThesis\.venv\Lib\site-packages\torch\nn\modules\module.py", line 1736, in _wrapped_call_impl
    return self._call_impl(*args, **kwargs)
           ^^^^^^^^^^^^^^^^^^^^^^^^^^^^^^^^
  File "C:\Users\alexc\GitHubRepos\ParkinsonThesis\.venv\Lib\site-packages\torch\nn\modules\module.py", line 1747, in _call_impl
    return forward_call(*args, **kwargs)
           ^^^^^^^^^^^^^^^^^^^^^^^^^^^^^
  File "C:\Users\alexc\GitHubRepos\ParkinsonThesis\autoencoder.py", line 175, in forward
    weighted_mse = mse * self.weight_map
                   ~~~~^~~~~~~~~~~~~~~~~
RuntimeError: Expected all tensors to be on the same device, but found at least two devices, cuda:0 and cpu!
2025-02-26 23:12:58,647 - training - INFO - Saved final model to ./trained_models/autoencoder\checkpoints\final.pt
